[1.467s] Invoking command in '/home/developer/ros2_ws/src/build/autonomous_vehicles': PYTHONPATH=/home/developer/ros2_ws/src/build/autonomous_vehicles/prefix_override:/usr/lib/python3/dist-packages/colcon_core/task/python/colcon_distutils_commands:/home/developer/ros2_ws/src/install/autonomous_vehicles/lib/python3.10/site-packages:${PYTHONPATH} /usr/bin/python3 -W ignore:setup.py install is deprecated -W ignore:easy_install command is deprecated setup.py develop --editable --build-directory /home/developer/ros2_ws/src/build/autonomous_vehicles/build --no-deps symlink_data
[1.829s] running develop
[2.052s] running egg_info
[2.052s] creating autonomous_vehicles.egg-info
[2.052s] writing autonomous_vehicles.egg-info/PKG-INFO
[2.053s] writing dependency_links to autonomous_vehicles.egg-info/dependency_links.txt
[2.053s] writing entry points to autonomous_vehicles.egg-info/entry_points.txt
[2.053s] writing requirements to autonomous_vehicles.egg-info/requires.txt
[2.053s] writing top-level names to autonomous_vehicles.egg-info/top_level.txt
[2.053s] writing manifest file 'autonomous_vehicles.egg-info/SOURCES.txt'
[2.056s] reading manifest file 'autonomous_vehicles.egg-info/SOURCES.txt'
[2.057s] writing manifest file 'autonomous_vehicles.egg-info/SOURCES.txt'
[2.059s] running build_ext
[2.059s] Creating /home/developer/ros2_ws/src/install/autonomous_vehicles/lib/python3.10/site-packages/autonomous-vehicles.egg-link (link to .)
[2.060s] Installing control_node script to /home/developer/ros2_ws/src/install/autonomous_vehicles/lib/autonomous_vehicles
[2.061s] Installing gps_node script to /home/developer/ros2_ws/src/install/autonomous_vehicles/lib/autonomous_vehicles
[2.061s] Installing image_node script to /home/developer/ros2_ws/src/install/autonomous_vehicles/lib/autonomous_vehicles
[2.061s] Installing lidar_node script to /home/developer/ros2_ws/src/install/autonomous_vehicles/lib/autonomous_vehicles
[2.061s] 
[2.062s] Installed /home/developer/ros2_ws/src/build/autonomous_vehicles
[2.062s] running symlink_data
[2.062s] creating /home/developer/ros2_ws/src/install/autonomous_vehicles/share/ament_index
[2.062s] creating /home/developer/ros2_ws/src/install/autonomous_vehicles/share/ament_index/resource_index
[2.062s] creating /home/developer/ros2_ws/src/install/autonomous_vehicles/share/ament_index/resource_index/packages
[2.062s] symbolically linking /home/developer/ros2_ws/src/build/autonomous_vehicles/resource/autonomous_vehicles -> /home/developer/ros2_ws/src/install/autonomous_vehicles/share/ament_index/resource_index/packages
[2.062s] creating /home/developer/ros2_ws/src/install/autonomous_vehicles/share/autonomous_vehicles/launch
[2.063s] symbolically linking /home/developer/ros2_ws/src/build/autonomous_vehicles/launch/auto.launch.py -> /home/developer/ros2_ws/src/install/autonomous_vehicles/share/autonomous_vehicles/launch
[2.063s] creating /home/developer/ros2_ws/src/install/autonomous_vehicles/share/autonomous_vehicles/config
[2.063s] symbolically linking /home/developer/ros2_ws/src/build/autonomous_vehicles/config/bridge_params.yaml -> /home/developer/ros2_ws/src/install/autonomous_vehicles/share/autonomous_vehicles/config
[2.063s] symbolically linking /home/developer/ros2_ws/src/build/autonomous_vehicles/config/bridge_config.yaml -> /home/developer/ros2_ws/src/install/autonomous_vehicles/share/autonomous_vehicles/config
[2.100s] Invoked command in '/home/developer/ros2_ws/src/build/autonomous_vehicles' returned '0': PYTHONPATH=/home/developer/ros2_ws/src/build/autonomous_vehicles/prefix_override:/usr/lib/python3/dist-packages/colcon_core/task/python/colcon_distutils_commands:/home/developer/ros2_ws/src/install/autonomous_vehicles/lib/python3.10/site-packages:${PYTHONPATH} /usr/bin/python3 -W ignore:setup.py install is deprecated -W ignore:easy_install command is deprecated setup.py develop --editable --build-directory /home/developer/ros2_ws/src/build/autonomous_vehicles/build --no-deps symlink_data
