running develop
Removing /home/developer/ros2_ws/src/install/autonomous_vehicles/lib/python3.10/site-packages/autonomous-vehicles.egg-link (link to .)
running egg_info
writing ../build/autonomous_vehicles/autonomous_vehicles.egg-info/PKG-INFO
writing dependency_links to ../build/autonomous_vehicles/autonomous_vehicles.egg-info/dependency_links.txt
writing entry points to ../build/autonomous_vehicles/autonomous_vehicles.egg-info/entry_points.txt
writing requirements to ../build/autonomous_vehicles/autonomous_vehicles.egg-info/requires.txt
writing top-level names to ../build/autonomous_vehicles/autonomous_vehicles.egg-info/top_level.txt
reading manifest file '../build/autonomous_vehicles/autonomous_vehicles.egg-info/SOURCES.txt'
reading manifest template 'MANIFEST.in'
writing manifest file '../build/autonomous_vehicles/autonomous_vehicles.egg-info/SOURCES.txt'
running build
running build_py
creating /home/developer/ros2_ws/src/build/autonomous_vehicles/build
creating /home/developer/ros2_ws/src/build/autonomous_vehicles/build/lib
creating /home/developer/ros2_ws/src/build/autonomous_vehicles/build/lib/autonomous_vehicles
copying autonomous_vehicles/train_agent_obstacl.py -> /home/developer/ros2_ws/src/build/autonomous_vehicles/build/lib/autonomous_vehicles
copying autonomous_vehicles/car_env_normal.py -> /home/developer/ros2_ws/src/build/autonomous_vehicles/build/lib/autonomous_vehicles
copying autonomous_vehicles/Segmetation.py -> /home/developer/ros2_ws/src/build/autonomous_vehicles/build/lib/autonomous_vehicles
copying autonomous_vehicles/train_agent_normal.py -> /home/developer/ros2_ws/src/build/autonomous_vehicles/build/lib/autonomous_vehicles
copying autonomous_vehicles/control_node.py -> /home/developer/ros2_ws/src/build/autonomous_vehicles/build/lib/autonomous_vehicles
copying autonomous_vehicles/__init__.py -> /home/developer/ros2_ws/src/build/autonomous_vehicles/build/lib/autonomous_vehicles
copying autonomous_vehicles/car_env_obstacle.py -> /home/developer/ros2_ws/src/build/autonomous_vehicles/build/lib/autonomous_vehicles
copying autonomous_vehicles/image_node.py -> /home/developer/ros2_ws/src/build/autonomous_vehicles/build/lib/autonomous_vehicles
copying autonomous_vehicles/offroad_checker.py -> /home/developer/ros2_ws/src/build/autonomous_vehicles/build/lib/autonomous_vehicles
copying autonomous_vehicles/view_manipulation.py -> /home/developer/ros2_ws/src/build/autonomous_vehicles/build/lib/autonomous_vehicles
copying autonomous_vehicles/lidar_node.py -> /home/developer/ros2_ws/src/build/autonomous_vehicles/build/lib/autonomous_vehicles
running install
running install_lib
creating /home/developer/ros2_ws/src/install/autonomous_vehicles/lib/python3.10/site-packages/autonomous_vehicles
copying /home/developer/ros2_ws/src/build/autonomous_vehicles/build/lib/autonomous_vehicles/train_agent_obstacl.py -> /home/developer/ros2_ws/src/install/autonomous_vehicles/lib/python3.10/site-packages/autonomous_vehicles
copying /home/developer/ros2_ws/src/build/autonomous_vehicles/build/lib/autonomous_vehicles/car_env_normal.py -> /home/developer/ros2_ws/src/install/autonomous_vehicles/lib/python3.10/site-packages/autonomous_vehicles
copying /home/developer/ros2_ws/src/build/autonomous_vehicles/build/lib/autonomous_vehicles/Segmetation.py -> /home/developer/ros2_ws/src/install/autonomous_vehicles/lib/python3.10/site-packages/autonomous_vehicles
copying /home/developer/ros2_ws/src/build/autonomous_vehicles/build/lib/autonomous_vehicles/train_agent_normal.py -> /home/developer/ros2_ws/src/install/autonomous_vehicles/lib/python3.10/site-packages/autonomous_vehicles
copying /home/developer/ros2_ws/src/build/autonomous_vehicles/build/lib/autonomous_vehicles/control_node.py -> /home/developer/ros2_ws/src/install/autonomous_vehicles/lib/python3.10/site-packages/autonomous_vehicles
copying /home/developer/ros2_ws/src/build/autonomous_vehicles/build/lib/autonomous_vehicles/__init__.py -> /home/developer/ros2_ws/src/install/autonomous_vehicles/lib/python3.10/site-packages/autonomous_vehicles
copying /home/developer/ros2_ws/src/build/autonomous_vehicles/build/lib/autonomous_vehicles/car_env_obstacle.py -> /home/developer/ros2_ws/src/install/autonomous_vehicles/lib/python3.10/site-packages/autonomous_vehicles
copying /home/developer/ros2_ws/src/build/autonomous_vehicles/build/lib/autonomous_vehicles/image_node.py -> /home/developer/ros2_ws/src/install/autonomous_vehicles/lib/python3.10/site-packages/autonomous_vehicles
copying /home/developer/ros2_ws/src/build/autonomous_vehicles/build/lib/autonomous_vehicles/offroad_checker.py -> /home/developer/ros2_ws/src/install/autonomous_vehicles/lib/python3.10/site-packages/autonomous_vehicles
copying /home/developer/ros2_ws/src/build/autonomous_vehicles/build/lib/autonomous_vehicles/view_manipulation.py -> /home/developer/ros2_ws/src/install/autonomous_vehicles/lib/python3.10/site-packages/autonomous_vehicles
copying /home/developer/ros2_ws/src/build/autonomous_vehicles/build/lib/autonomous_vehicles/lidar_node.py -> /home/developer/ros2_ws/src/install/autonomous_vehicles/lib/python3.10/site-packages/autonomous_vehicles
byte-compiling /home/developer/ros2_ws/src/install/autonomous_vehicles/lib/python3.10/site-packages/autonomous_vehicles/train_agent_obstacl.py to train_agent_obstacl.cpython-310.pyc
byte-compiling /home/developer/ros2_ws/src/install/autonomous_vehicles/lib/python3.10/site-packages/autonomous_vehicles/car_env_normal.py to car_env_normal.cpython-310.pyc
byte-compiling /home/developer/ros2_ws/src/install/autonomous_vehicles/lib/python3.10/site-packages/autonomous_vehicles/Segmetation.py to Segmetation.cpython-310.pyc
byte-compiling /home/developer/ros2_ws/src/install/autonomous_vehicles/lib/python3.10/site-packages/autonomous_vehicles/train_agent_normal.py to train_agent_normal.cpython-310.pyc
byte-compiling /home/developer/ros2_ws/src/install/autonomous_vehicles/lib/python3.10/site-packages/autonomous_vehicles/control_node.py to control_node.cpython-310.pyc
byte-compiling /home/developer/ros2_ws/src/install/autonomous_vehicles/lib/python3.10/site-packages/autonomous_vehicles/__init__.py to __init__.cpython-310.pyc
byte-compiling /home/developer/ros2_ws/src/install/autonomous_vehicles/lib/python3.10/site-packages/autonomous_vehicles/car_env_obstacle.py to car_env_obstacle.cpython-310.pyc
byte-compiling /home/developer/ros2_ws/src/install/autonomous_vehicles/lib/python3.10/site-packages/autonomous_vehicles/image_node.py to image_node.cpython-310.pyc
byte-compiling /home/developer/ros2_ws/src/install/autonomous_vehicles/lib/python3.10/site-packages/autonomous_vehicles/offroad_checker.py to offroad_checker.cpython-310.pyc
byte-compiling /home/developer/ros2_ws/src/install/autonomous_vehicles/lib/python3.10/site-packages/autonomous_vehicles/view_manipulation.py to view_manipulation.cpython-310.pyc
byte-compiling /home/developer/ros2_ws/src/install/autonomous_vehicles/lib/python3.10/site-packages/autonomous_vehicles/lidar_node.py to lidar_node.cpython-310.pyc
running install_data
copying resource/autonomous_vehicles -> /home/developer/ros2_ws/src/install/autonomous_vehicles/share/ament_index/resource_index/packages
copying launch/auto.launch.py -> /home/developer/ros2_ws/src/install/autonomous_vehicles/share/autonomous_vehicles/launch
copying launch/auto.train.launch.py -> /home/developer/ros2_ws/src/install/autonomous_vehicles/share/autonomous_vehicles/launch
copying config/bridge_params.yaml -> /home/developer/ros2_ws/src/install/autonomous_vehicles/share/autonomous_vehicles/config
copying config/bridge_config.yaml -> /home/developer/ros2_ws/src/install/autonomous_vehicles/share/autonomous_vehicles/config
running install_egg_info
Copying ../build/autonomous_vehicles/autonomous_vehicles.egg-info to /home/developer/ros2_ws/src/install/autonomous_vehicles/lib/python3.10/site-packages/autonomous_vehicles-0.0.0-py3.10.egg-info
running install_scripts
Installing control_node script to /home/developer/ros2_ws/src/install/autonomous_vehicles/lib/autonomous_vehicles
Installing gps_node script to /home/developer/ros2_ws/src/install/autonomous_vehicles/lib/autonomous_vehicles
Installing image_node script to /home/developer/ros2_ws/src/install/autonomous_vehicles/lib/autonomous_vehicles
Installing lidar_2d_node script to /home/developer/ros2_ws/src/install/autonomous_vehicles/lib/autonomous_vehicles
Installing lidar_node script to /home/developer/ros2_ws/src/install/autonomous_vehicles/lib/autonomous_vehicles
Installing offroad_checker script to /home/developer/ros2_ws/src/install/autonomous_vehicles/lib/autonomous_vehicles
writing list of installed files to '/home/developer/ros2_ws/src/build/autonomous_vehicles/install.log'
