[0.648s] Invoking command in '/home/developer/ros2_ws/src/build/autonomous_vehicles': PYTHONPATH=/home/developer/ros2_ws/src/build/autonomous_vehicles/prefix_override:/usr/lib/python3/dist-packages/colcon_core/task/python/colcon_distutils_commands:/home/developer/ros2_ws/src/install/autonomous_vehicles/lib/python3.10/site-packages:${PYTHONPATH} /usr/bin/python3 -W ignore:setup.py install is deprecated -W ignore:easy_install command is deprecated setup.py develop --editable --build-directory /home/developer/ros2_ws/src/build/autonomous_vehicles/build --no-deps symlink_data
[0.868s] running develop
[1.001s] running egg_info
[1.008s] writing autonomous_vehicles.egg-info/PKG-INFO
[1.008s] writing dependency_links to autonomous_vehicles.egg-info/dependency_links.txt
[1.008s] writing entry points to autonomous_vehicles.egg-info/entry_points.txt
[1.008s] writing requirements to autonomous_vehicles.egg-info/requires.txt
[1.008s] writing top-level names to autonomous_vehicles.egg-info/top_level.txt
[1.025s] reading manifest file 'autonomous_vehicles.egg-info/SOURCES.txt'
[1.026s] writing manifest file 'autonomous_vehicles.egg-info/SOURCES.txt'
[1.035s] running build_ext
[1.035s] Creating /home/developer/ros2_ws/src/install/autonomous_vehicles/lib/python3.10/site-packages/autonomous-vehicles.egg-link (link to .)
[1.035s] Installing control_node script to /home/developer/ros2_ws/src/install/autonomous_vehicles/lib/autonomous_vehicles
[1.035s] Installing gps_node script to /home/developer/ros2_ws/src/install/autonomous_vehicles/lib/autonomous_vehicles
[1.036s] Installing image_node script to /home/developer/ros2_ws/src/install/autonomous_vehicles/lib/autonomous_vehicles
[1.036s] Installing lidar_2d_node script to /home/developer/ros2_ws/src/install/autonomous_vehicles/lib/autonomous_vehicles
[1.036s] Installing lidar_node script to /home/developer/ros2_ws/src/install/autonomous_vehicles/lib/autonomous_vehicles
[1.036s] Installing offroad_checker script to /home/developer/ros2_ws/src/install/autonomous_vehicles/lib/autonomous_vehicles
[1.036s] 
[1.036s] Installed /home/developer/ros2_ws/src/build/autonomous_vehicles
[1.036s] running symlink_data
[1.069s] Invoked command in '/home/developer/ros2_ws/src/build/autonomous_vehicles' returned '0': PYTHONPATH=/home/developer/ros2_ws/src/build/autonomous_vehicles/prefix_override:/usr/lib/python3/dist-packages/colcon_core/task/python/colcon_distutils_commands:/home/developer/ros2_ws/src/install/autonomous_vehicles/lib/python3.10/site-packages:${PYTHONPATH} /usr/bin/python3 -W ignore:setup.py install is deprecated -W ignore:easy_install command is deprecated setup.py develop --editable --build-directory /home/developer/ros2_ws/src/build/autonomous_vehicles/build --no-deps symlink_data
