[0.581s] Invoking command in '/home/developer/ros2_ws/src/autonomous_vehicles': PYTHONPATH=/home/developer/ros2_ws/src/build/autonomous_vehicles/prefix_override:/usr/lib/python3/dist-packages/colcon_core/task/python/colcon_distutils_commands:/home/developer/ros2_ws/src/install/autonomous_vehicles/lib/python3.10/site-packages:${PYTHONPATH} /usr/bin/python3 -W ignore:setup.py install is deprecated -W ignore:easy_install command is deprecated setup.py egg_info --egg-base ../build/autonomous_vehicles build --build-base /home/developer/ros2_ws/src/build/autonomous_vehicles/build install --record /home/developer/ros2_ws/src/build/autonomous_vehicles/install.log --single-version-externally-managed install_data
[0.794s] running egg_info
[0.801s] writing ../build/autonomous_vehicles/autonomous_vehicles.egg-info/PKG-INFO
[0.801s] writing dependency_links to ../build/autonomous_vehicles/autonomous_vehicles.egg-info/dependency_links.txt
[0.801s] writing entry points to ../build/autonomous_vehicles/autonomous_vehicles.egg-info/entry_points.txt
[0.801s] writing requirements to ../build/autonomous_vehicles/autonomous_vehicles.egg-info/requires.txt
[0.802s] writing top-level names to ../build/autonomous_vehicles/autonomous_vehicles.egg-info/top_level.txt
[0.817s] reading manifest file '../build/autonomous_vehicles/autonomous_vehicles.egg-info/SOURCES.txt'
[0.817s] reading manifest template 'MANIFEST.in'
[0.817s] writing manifest file '../build/autonomous_vehicles/autonomous_vehicles.egg-info/SOURCES.txt'
[0.817s] running build
[0.817s] running build_py
[0.818s] running install
[0.821s] running install_lib
[0.837s] running install_data
[0.837s] running install_egg_info
[0.846s] removing '/home/developer/ros2_ws/src/install/autonomous_vehicles/lib/python3.10/site-packages/autonomous_vehicles-0.0.0-py3.10.egg-info' (and everything under it)
[0.846s] Copying ../build/autonomous_vehicles/autonomous_vehicles.egg-info to /home/developer/ros2_ws/src/install/autonomous_vehicles/lib/python3.10/site-packages/autonomous_vehicles-0.0.0-py3.10.egg-info
[0.847s] running install_scripts
[0.882s] Installing control_node script to /home/developer/ros2_ws/src/install/autonomous_vehicles/lib/autonomous_vehicles
[0.883s] Installing gps_node script to /home/developer/ros2_ws/src/install/autonomous_vehicles/lib/autonomous_vehicles
[0.883s] Installing image_node script to /home/developer/ros2_ws/src/install/autonomous_vehicles/lib/autonomous_vehicles
[0.883s] Installing lidar_2d_node script to /home/developer/ros2_ws/src/install/autonomous_vehicles/lib/autonomous_vehicles
[0.883s] Installing lidar_node script to /home/developer/ros2_ws/src/install/autonomous_vehicles/lib/autonomous_vehicles
[0.883s] Installing offroad_checker script to /home/developer/ros2_ws/src/install/autonomous_vehicles/lib/autonomous_vehicles
[0.883s] writing list of installed files to '/home/developer/ros2_ws/src/build/autonomous_vehicles/install.log'
[0.917s] Invoked command in '/home/developer/ros2_ws/src/autonomous_vehicles' returned '0': PYTHONPATH=/home/developer/ros2_ws/src/build/autonomous_vehicles/prefix_override:/usr/lib/python3/dist-packages/colcon_core/task/python/colcon_distutils_commands:/home/developer/ros2_ws/src/install/autonomous_vehicles/lib/python3.10/site-packages:${PYTHONPATH} /usr/bin/python3 -W ignore:setup.py install is deprecated -W ignore:easy_install command is deprecated setup.py egg_info --egg-base ../build/autonomous_vehicles build --build-base /home/developer/ros2_ws/src/build/autonomous_vehicles/build install --record /home/developer/ros2_ws/src/build/autonomous_vehicles/install.log --single-version-externally-managed install_data
