/home/developer/ros2_ws/src/install/autonomous_vehicles/lib/python3.10/site-packages/autonomous_vehicles/train_agent_obstacl.py
/home/developer/ros2_ws/src/install/autonomous_vehicles/lib/python3.10/site-packages/autonomous_vehicles/car_env_normal.py
/home/developer/ros2_ws/src/install/autonomous_vehicles/lib/python3.10/site-packages/autonomous_vehicles/Segmetation.py
/home/developer/ros2_ws/src/install/autonomous_vehicles/lib/python3.10/site-packages/autonomous_vehicles/train_agent_normal.py
/home/developer/ros2_ws/src/install/autonomous_vehicles/lib/python3.10/site-packages/autonomous_vehicles/control_node.py
/home/developer/ros2_ws/src/install/autonomous_vehicles/lib/python3.10/site-packages/autonomous_vehicles/__init__.py
/home/developer/ros2_ws/src/install/autonomous_vehicles/lib/python3.10/site-packages/autonomous_vehicles/car_env_obstacle.py
/home/developer/ros2_ws/src/install/autonomous_vehicles/lib/python3.10/site-packages/autonomous_vehicles/image_node.py
/home/developer/ros2_ws/src/install/autonomous_vehicles/lib/python3.10/site-packages/autonomous_vehicles/offroad_checker.py
/home/developer/ros2_ws/src/install/autonomous_vehicles/lib/python3.10/site-packages/autonomous_vehicles/view_manipulation.py
/home/developer/ros2_ws/src/install/autonomous_vehicles/lib/python3.10/site-packages/autonomous_vehicles/lidar_node.py
/home/developer/ros2_ws/src/install/autonomous_vehicles/lib/python3.10/site-packages/autonomous_vehicles/__pycache__/train_agent_obstacl.cpython-310.pyc
/home/developer/ros2_ws/src/install/autonomous_vehicles/lib/python3.10/site-packages/autonomous_vehicles/__pycache__/car_env_normal.cpython-310.pyc
/home/developer/ros2_ws/src/install/autonomous_vehicles/lib/python3.10/site-packages/autonomous_vehicles/__pycache__/Segmetation.cpython-310.pyc
/home/developer/ros2_ws/src/install/autonomous_vehicles/lib/python3.10/site-packages/autonomous_vehicles/__pycache__/train_agent_normal.cpython-310.pyc
/home/developer/ros2_ws/src/install/autonomous_vehicles/lib/python3.10/site-packages/autonomous_vehicles/__pycache__/control_node.cpython-310.pyc
/home/developer/ros2_ws/src/install/autonomous_vehicles/lib/python3.10/site-packages/autonomous_vehicles/__pycache__/__init__.cpython-310.pyc
/home/developer/ros2_ws/src/install/autonomous_vehicles/lib/python3.10/site-packages/autonomous_vehicles/__pycache__/car_env_obstacle.cpython-310.pyc
/home/developer/ros2_ws/src/install/autonomous_vehicles/lib/python3.10/site-packages/autonomous_vehicles/__pycache__/image_node.cpython-310.pyc
/home/developer/ros2_ws/src/install/autonomous_vehicles/lib/python3.10/site-packages/autonomous_vehicles/__pycache__/offroad_checker.cpython-310.pyc
/home/developer/ros2_ws/src/install/autonomous_vehicles/lib/python3.10/site-packages/autonomous_vehicles/__pycache__/view_manipulation.cpython-310.pyc
/home/developer/ros2_ws/src/install/autonomous_vehicles/lib/python3.10/site-packages/autonomous_vehicles/__pycache__/lidar_node.cpython-310.pyc
/home/developer/ros2_ws/src/install/autonomous_vehicles/share/ament_index/resource_index/packages/autonomous_vehicles
/home/developer/ros2_ws/src/install/autonomous_vehicles/share/autonomous_vehicles/launch/auto.launch.py
/home/developer/ros2_ws/src/install/autonomous_vehicles/share/autonomous_vehicles/launch/auto.train.launch.py
/home/developer/ros2_ws/src/install/autonomous_vehicles/share/autonomous_vehicles/config/bridge_params.yaml
/home/developer/ros2_ws/src/install/autonomous_vehicles/share/autonomous_vehicles/config/bridge_config.yaml
/home/developer/ros2_ws/src/install/autonomous_vehicles/lib/python3.10/site-packages/autonomous_vehicles-0.0.0-py3.10.egg-info/dependency_links.txt
/home/developer/ros2_ws/src/install/autonomous_vehicles/lib/python3.10/site-packages/autonomous_vehicles-0.0.0-py3.10.egg-info/requires.txt
/home/developer/ros2_ws/src/install/autonomous_vehicles/lib/python3.10/site-packages/autonomous_vehicles-0.0.0-py3.10.egg-info/PKG-INFO
/home/developer/ros2_ws/src/install/autonomous_vehicles/lib/python3.10/site-packages/autonomous_vehicles-0.0.0-py3.10.egg-info/zip-safe
/home/developer/ros2_ws/src/install/autonomous_vehicles/lib/python3.10/site-packages/autonomous_vehicles-0.0.0-py3.10.egg-info/top_level.txt
/home/developer/ros2_ws/src/install/autonomous_vehicles/lib/python3.10/site-packages/autonomous_vehicles-0.0.0-py3.10.egg-info/entry_points.txt
/home/developer/ros2_ws/src/install/autonomous_vehicles/lib/python3.10/site-packages/autonomous_vehicles-0.0.0-py3.10.egg-info/SOURCES.txt
/home/developer/ros2_ws/src/install/autonomous_vehicles/lib/autonomous_vehicles/control_node
/home/developer/ros2_ws/src/install/autonomous_vehicles/lib/autonomous_vehicles/gps_node
/home/developer/ros2_ws/src/install/autonomous_vehicles/lib/autonomous_vehicles/image_node
/home/developer/ros2_ws/src/install/autonomous_vehicles/lib/autonomous_vehicles/lidar_2d_node
/home/developer/ros2_ws/src/install/autonomous_vehicles/lib/autonomous_vehicles/lidar_node
/home/developer/ros2_ws/src/install/autonomous_vehicles/lib/autonomous_vehicles/offroad_checker
