[0.624s] Invoking command in '/home/developer/ros2_ws/src/autonomous_vehicles': PYTHONPATH=/home/developer/ros2_ws/src/build/autonomous_vehicles/prefix_override:/usr/lib/python3/dist-packages/colcon_core/task/python/colcon_distutils_commands:/home/developer/ros2_ws/src/install/autonomous_vehicles/lib/python3.10/site-packages:${PYTHONPATH} /usr/bin/python3 -W ignore:setup.py install is deprecated -W ignore:easy_install command is deprecated setup.py egg_info --egg-base ../build/autonomous_vehicles build --build-base /home/developer/ros2_ws/src/build/autonomous_vehicles/build install --record /home/developer/ros2_ws/src/build/autonomous_vehicles/install.log --single-version-externally-managed install_data
[0.845s] running egg_info
[0.853s] writing ../build/autonomous_vehicles/autonomous_vehicles.egg-info/PKG-INFO
[0.853s] writing dependency_links to ../build/autonomous_vehicles/autonomous_vehicles.egg-info/dependency_links.txt
[0.853s] writing entry points to ../build/autonomous_vehicles/autonomous_vehicles.egg-info/entry_points.txt
[0.853s] writing requirements to ../build/autonomous_vehicles/autonomous_vehicles.egg-info/requires.txt
[0.853s] writing top-level names to ../build/autonomous_vehicles/autonomous_vehicles.egg-info/top_level.txt
[0.868s] reading manifest file '../build/autonomous_vehicles/autonomous_vehicles.egg-info/SOURCES.txt'
[0.868s] reading manifest template 'MANIFEST.in'
[0.869s] writing manifest file '../build/autonomous_vehicles/autonomous_vehicles.egg-info/SOURCES.txt'
[0.869s] running build
[0.869s] running build_py
[0.869s] copying autonomous_vehicles/train_agent_obstacl.py -> /home/developer/ros2_ws/src/build/autonomous_vehicles/build/lib/autonomous_vehicles
[0.869s] running install
[0.872s] running install_lib
[0.885s] copying /home/developer/ros2_ws/src/build/autonomous_vehicles/build/lib/autonomous_vehicles/train_agent_obstacl.py -> /home/developer/ros2_ws/src/install/autonomous_vehicles/lib/python3.10/site-packages/autonomous_vehicles
[0.886s] byte-compiling /home/developer/ros2_ws/src/install/autonomous_vehicles/lib/python3.10/site-packages/autonomous_vehicles/train_agent_obstacl.py to train_agent_obstacl.cpython-310.pyc
[0.887s] running install_data
[0.887s] running install_egg_info
[0.895s] removing '/home/developer/ros2_ws/src/install/autonomous_vehicles/lib/python3.10/site-packages/autonomous_vehicles-0.0.0-py3.10.egg-info' (and everything under it)
[0.895s] Copying ../build/autonomous_vehicles/autonomous_vehicles.egg-info to /home/developer/ros2_ws/src/install/autonomous_vehicles/lib/python3.10/site-packages/autonomous_vehicles-0.0.0-py3.10.egg-info
[0.896s] running install_scripts
[0.929s] Installing control_node script to /home/developer/ros2_ws/src/install/autonomous_vehicles/lib/autonomous_vehicles
[0.929s] Installing gps_node script to /home/developer/ros2_ws/src/install/autonomous_vehicles/lib/autonomous_vehicles
[0.929s] Installing image_node script to /home/developer/ros2_ws/src/install/autonomous_vehicles/lib/autonomous_vehicles
[0.929s] Installing lidar_2d_node script to /home/developer/ros2_ws/src/install/autonomous_vehicles/lib/autonomous_vehicles
[0.929s] Installing lidar_node script to /home/developer/ros2_ws/src/install/autonomous_vehicles/lib/autonomous_vehicles
[0.929s] Installing offroad_checker script to /home/developer/ros2_ws/src/install/autonomous_vehicles/lib/autonomous_vehicles
[0.930s] writing list of installed files to '/home/developer/ros2_ws/src/build/autonomous_vehicles/install.log'
[0.955s] Invoked command in '/home/developer/ros2_ws/src/autonomous_vehicles' returned '0': PYTHONPATH=/home/developer/ros2_ws/src/build/autonomous_vehicles/prefix_override:/usr/lib/python3/dist-packages/colcon_core/task/python/colcon_distutils_commands:/home/developer/ros2_ws/src/install/autonomous_vehicles/lib/python3.10/site-packages:${PYTHONPATH} /usr/bin/python3 -W ignore:setup.py install is deprecated -W ignore:easy_install command is deprecated setup.py egg_info --egg-base ../build/autonomous_vehicles build --build-base /home/developer/ros2_ws/src/build/autonomous_vehicles/build install --record /home/developer/ros2_ws/src/build/autonomous_vehicles/install.log --single-version-externally-managed install_data
