[0.078s] DEBUG:colcon:Command line arguments: ['/usr/bin/colcon', 'build', '--symlink']
[0.078s] DEBUG:colcon:Parsed command line arguments: Namespace(log_base=None, log_level=None, verb_name='build', build_base='build', install_base='install', merge_install=False, symlink_install=True, test_result_base=None, continue_on_error=False, executor='parallel', parallel_workers=12, event_handlers=None, ignore_user_meta=False, metas=['./colcon.meta'], base_paths=['.'], packages_ignore=None, packages_ignore_regex=None, paths=None, packages_up_to=None, packages_up_to_regex=None, packages_above=None, packages_above_and_dependencies=None, packages_above_depth=None, packages_select_by_dep=None, packages_skip_by_dep=None, packages_skip_up_to=None, packages_select_build_failed=False, packages_skip_build_finished=False, packages_select_test_failures=False, packages_skip_test_passed=False, packages_select=None, packages_skip=None, packages_select_regex=None, packages_skip_regex=None, packages_start=None, packages_end=None, cmake_args=None, cmake_target=None, cmake_target_skip_unavailable=False, cmake_clean_cache=False, cmake_clean_first=False, cmake_force_configure=False, ament_cmake_args=None, catkin_cmake_args=None, catkin_skip_building_tests=False, mixin_files=None, mixin=None, verb_parser=<colcon_mixin.mixin.mixin_argument.MixinArgumentDecorator object at 0x7f1010695570>, verb_extension=<colcon_core.verb.build.BuildVerb object at 0x7f1010694af0>, main=<bound method BuildVerb.main of <colcon_core.verb.build.BuildVerb object at 0x7f1010694af0>>, mixin_verb=('build',))
[0.216s] Level 1:colcon.colcon_core.package_discovery:discover_packages(colcon_meta) check parameters
[0.216s] Level 1:colcon.colcon_core.package_discovery:discover_packages(recursive) check parameters
[0.216s] Level 1:colcon.colcon_core.package_discovery:discover_packages(ignore) check parameters
[0.216s] Level 1:colcon.colcon_core.package_discovery:discover_packages(path) check parameters
[0.216s] Level 1:colcon.colcon_core.package_discovery:discover_packages(colcon_meta) discover
[0.216s] Level 1:colcon.colcon_core.package_discovery:discover_packages(recursive) discover
[0.216s] INFO:colcon.colcon_core.package_discovery:Crawling recursively for packages in '/home/developer/ros2_ws/src'
[0.216s] Level 1:colcon.colcon_core.package_identification:_identify(.) by extensions ['ignore', 'ignore_ament_install']
[0.216s] Level 1:colcon.colcon_core.package_identification:_identify(.) by extension 'ignore'
[0.216s] Level 1:colcon.colcon_core.package_identification:_identify(.) by extension 'ignore_ament_install'
[0.216s] Level 1:colcon.colcon_core.package_identification:_identify(.) by extensions ['colcon_pkg']
[0.216s] Level 1:colcon.colcon_core.package_identification:_identify(.) by extension 'colcon_pkg'
[0.216s] Level 1:colcon.colcon_core.package_identification:_identify(.) by extensions ['colcon_meta']
[0.216s] Level 1:colcon.colcon_core.package_identification:_identify(.) by extension 'colcon_meta'
[0.216s] Level 1:colcon.colcon_core.package_identification:_identify(.) by extensions ['ros']
[0.216s] Level 1:colcon.colcon_core.package_identification:_identify(.) by extension 'ros'
[0.225s] Level 1:colcon.colcon_core.package_identification:_identify(.) by extensions ['cmake', 'python']
[0.225s] Level 1:colcon.colcon_core.package_identification:_identify(.) by extension 'cmake'
[0.225s] Level 1:colcon.colcon_core.package_identification:_identify(.) by extension 'python'
[0.225s] Level 1:colcon.colcon_core.package_identification:_identify(.) by extensions ['python_setup_py']
[0.225s] Level 1:colcon.colcon_core.package_identification:_identify(.) by extension 'python_setup_py'
[0.225s] Level 1:colcon.colcon_core.package_identification:_identify(UNET_trening) by extensions ['ignore', 'ignore_ament_install']
[0.225s] Level 1:colcon.colcon_core.package_identification:_identify(UNET_trening) by extension 'ignore'
[0.225s] Level 1:colcon.colcon_core.package_identification:_identify(UNET_trening) by extension 'ignore_ament_install'
[0.225s] Level 1:colcon.colcon_core.package_identification:_identify(UNET_trening) by extensions ['colcon_pkg']
[0.225s] Level 1:colcon.colcon_core.package_identification:_identify(UNET_trening) by extension 'colcon_pkg'
[0.225s] Level 1:colcon.colcon_core.package_identification:_identify(UNET_trening) by extensions ['colcon_meta']
[0.225s] Level 1:colcon.colcon_core.package_identification:_identify(UNET_trening) by extension 'colcon_meta'
[0.225s] Level 1:colcon.colcon_core.package_identification:_identify(UNET_trening) by extensions ['ros']
[0.225s] Level 1:colcon.colcon_core.package_identification:_identify(UNET_trening) by extension 'ros'
[0.225s] Level 1:colcon.colcon_core.package_identification:_identify(UNET_trening) by extensions ['cmake', 'python']
[0.225s] Level 1:colcon.colcon_core.package_identification:_identify(UNET_trening) by extension 'cmake'
[0.225s] Level 1:colcon.colcon_core.package_identification:_identify(UNET_trening) by extension 'python'
[0.225s] Level 1:colcon.colcon_core.package_identification:_identify(UNET_trening) by extensions ['python_setup_py']
[0.225s] Level 1:colcon.colcon_core.package_identification:_identify(UNET_trening) by extension 'python_setup_py'
[0.225s] Level 1:colcon.colcon_core.package_identification:_identify(UNET_trening/carla_dataset) by extensions ['ignore', 'ignore_ament_install']
[0.225s] Level 1:colcon.colcon_core.package_identification:_identify(UNET_trening/carla_dataset) by extension 'ignore'
[0.225s] Level 1:colcon.colcon_core.package_identification:_identify(UNET_trening/carla_dataset) by extension 'ignore_ament_install'
[0.225s] Level 1:colcon.colcon_core.package_identification:_identify(UNET_trening/carla_dataset) by extensions ['colcon_pkg']
[0.225s] Level 1:colcon.colcon_core.package_identification:_identify(UNET_trening/carla_dataset) by extension 'colcon_pkg'
[0.225s] Level 1:colcon.colcon_core.package_identification:_identify(UNET_trening/carla_dataset) by extensions ['colcon_meta']
[0.225s] Level 1:colcon.colcon_core.package_identification:_identify(UNET_trening/carla_dataset) by extension 'colcon_meta'
[0.225s] Level 1:colcon.colcon_core.package_identification:_identify(UNET_trening/carla_dataset) by extensions ['ros']
[0.225s] Level 1:colcon.colcon_core.package_identification:_identify(UNET_trening/carla_dataset) by extension 'ros'
[0.225s] Level 1:colcon.colcon_core.package_identification:_identify(UNET_trening/carla_dataset) by extensions ['cmake', 'python']
[0.225s] Level 1:colcon.colcon_core.package_identification:_identify(UNET_trening/carla_dataset) by extension 'cmake'
[0.225s] Level 1:colcon.colcon_core.package_identification:_identify(UNET_trening/carla_dataset) by extension 'python'
[0.225s] Level 1:colcon.colcon_core.package_identification:_identify(UNET_trening/carla_dataset) by extensions ['python_setup_py']
[0.225s] Level 1:colcon.colcon_core.package_identification:_identify(UNET_trening/carla_dataset) by extension 'python_setup_py'
[0.226s] Level 1:colcon.colcon_core.package_identification:_identify(UNET_trening/gazebo_train_data_generator) by extensions ['ignore', 'ignore_ament_install']
[0.226s] Level 1:colcon.colcon_core.package_identification:_identify(UNET_trening/gazebo_train_data_generator) by extension 'ignore'
[0.226s] Level 1:colcon.colcon_core.package_identification:_identify(UNET_trening/gazebo_train_data_generator) by extension 'ignore_ament_install'
[0.226s] Level 1:colcon.colcon_core.package_identification:_identify(UNET_trening/gazebo_train_data_generator) by extensions ['colcon_pkg']
[0.226s] Level 1:colcon.colcon_core.package_identification:_identify(UNET_trening/gazebo_train_data_generator) by extension 'colcon_pkg'
[0.226s] Level 1:colcon.colcon_core.package_identification:_identify(UNET_trening/gazebo_train_data_generator) by extensions ['colcon_meta']
[0.226s] Level 1:colcon.colcon_core.package_identification:_identify(UNET_trening/gazebo_train_data_generator) by extension 'colcon_meta'
[0.226s] Level 1:colcon.colcon_core.package_identification:_identify(UNET_trening/gazebo_train_data_generator) by extensions ['ros']
[0.226s] Level 1:colcon.colcon_core.package_identification:_identify(UNET_trening/gazebo_train_data_generator) by extension 'ros'
[0.226s] Level 1:colcon.colcon_core.package_identification:_identify(UNET_trening/gazebo_train_data_generator) by extensions ['cmake', 'python']
[0.226s] Level 1:colcon.colcon_core.package_identification:_identify(UNET_trening/gazebo_train_data_generator) by extension 'cmake'
[0.226s] Level 1:colcon.colcon_core.package_identification:_identify(UNET_trening/gazebo_train_data_generator) by extension 'python'
[0.226s] Level 1:colcon.colcon_core.package_identification:_identify(UNET_trening/gazebo_train_data_generator) by extensions ['python_setup_py']
[0.226s] Level 1:colcon.colcon_core.package_identification:_identify(UNET_trening/gazebo_train_data_generator) by extension 'python_setup_py'
[0.226s] Level 1:colcon.colcon_core.package_identification:_identify(UNET_trening/gazebo_train_data_generator/__pycache__) by extensions ['ignore', 'ignore_ament_install']
[0.226s] Level 1:colcon.colcon_core.package_identification:_identify(UNET_trening/gazebo_train_data_generator/__pycache__) by extension 'ignore'
[0.226s] Level 1:colcon.colcon_core.package_identification:_identify(UNET_trening/gazebo_train_data_generator/__pycache__) by extension 'ignore_ament_install'
[0.226s] Level 1:colcon.colcon_core.package_identification:_identify(UNET_trening/gazebo_train_data_generator/__pycache__) by extensions ['colcon_pkg']
[0.226s] Level 1:colcon.colcon_core.package_identification:_identify(UNET_trening/gazebo_train_data_generator/__pycache__) by extension 'colcon_pkg'
[0.226s] Level 1:colcon.colcon_core.package_identification:_identify(UNET_trening/gazebo_train_data_generator/__pycache__) by extensions ['colcon_meta']
[0.226s] Level 1:colcon.colcon_core.package_identification:_identify(UNET_trening/gazebo_train_data_generator/__pycache__) by extension 'colcon_meta'
[0.226s] Level 1:colcon.colcon_core.package_identification:_identify(UNET_trening/gazebo_train_data_generator/__pycache__) by extensions ['ros']
[0.226s] Level 1:colcon.colcon_core.package_identification:_identify(UNET_trening/gazebo_train_data_generator/__pycache__) by extension 'ros'
[0.226s] Level 1:colcon.colcon_core.package_identification:_identify(UNET_trening/gazebo_train_data_generator/__pycache__) by extensions ['cmake', 'python']
[0.226s] Level 1:colcon.colcon_core.package_identification:_identify(UNET_trening/gazebo_train_data_generator/__pycache__) by extension 'cmake'
[0.226s] Level 1:colcon.colcon_core.package_identification:_identify(UNET_trening/gazebo_train_data_generator/__pycache__) by extension 'python'
[0.226s] Level 1:colcon.colcon_core.package_identification:_identify(UNET_trening/gazebo_train_data_generator/__pycache__) by extensions ['python_setup_py']
[0.226s] Level 1:colcon.colcon_core.package_identification:_identify(UNET_trening/gazebo_train_data_generator/__pycache__) by extension 'python_setup_py'
[0.226s] Level 1:colcon.colcon_core.package_identification:_identify(UNET_trening/gazebo_train_data_generator/masks) by extensions ['ignore', 'ignore_ament_install']
[0.227s] Level 1:colcon.colcon_core.package_identification:_identify(UNET_trening/gazebo_train_data_generator/masks) by extension 'ignore'
[0.227s] Level 1:colcon.colcon_core.package_identification:_identify(UNET_trening/gazebo_train_data_generator/masks) by extension 'ignore_ament_install'
[0.227s] Level 1:colcon.colcon_core.package_identification:_identify(UNET_trening/gazebo_train_data_generator/masks) by extensions ['colcon_pkg']
[0.227s] Level 1:colcon.colcon_core.package_identification:_identify(UNET_trening/gazebo_train_data_generator/masks) by extension 'colcon_pkg'
[0.227s] Level 1:colcon.colcon_core.package_identification:_identify(UNET_trening/gazebo_train_data_generator/masks) by extensions ['colcon_meta']
[0.227s] Level 1:colcon.colcon_core.package_identification:_identify(UNET_trening/gazebo_train_data_generator/masks) by extension 'colcon_meta'
[0.227s] Level 1:colcon.colcon_core.package_identification:_identify(UNET_trening/gazebo_train_data_generator/masks) by extensions ['ros']
[0.227s] Level 1:colcon.colcon_core.package_identification:_identify(UNET_trening/gazebo_train_data_generator/masks) by extension 'ros'
[0.227s] Level 1:colcon.colcon_core.package_identification:_identify(UNET_trening/gazebo_train_data_generator/masks) by extensions ['cmake', 'python']
[0.227s] Level 1:colcon.colcon_core.package_identification:_identify(UNET_trening/gazebo_train_data_generator/masks) by extension 'cmake'
[0.227s] Level 1:colcon.colcon_core.package_identification:_identify(UNET_trening/gazebo_train_data_generator/masks) by extension 'python'
[0.227s] Level 1:colcon.colcon_core.package_identification:_identify(UNET_trening/gazebo_train_data_generator/masks) by extensions ['python_setup_py']
[0.227s] Level 1:colcon.colcon_core.package_identification:_identify(UNET_trening/gazebo_train_data_generator/masks) by extension 'python_setup_py'
[0.227s] Level 1:colcon.colcon_core.package_identification:_identify(UNET_trening/test_imgs) by extensions ['ignore', 'ignore_ament_install']
[0.227s] Level 1:colcon.colcon_core.package_identification:_identify(UNET_trening/test_imgs) by extension 'ignore'
[0.227s] Level 1:colcon.colcon_core.package_identification:_identify(UNET_trening/test_imgs) by extension 'ignore_ament_install'
[0.227s] Level 1:colcon.colcon_core.package_identification:_identify(UNET_trening/test_imgs) by extensions ['colcon_pkg']
[0.227s] Level 1:colcon.colcon_core.package_identification:_identify(UNET_trening/test_imgs) by extension 'colcon_pkg'
[0.227s] Level 1:colcon.colcon_core.package_identification:_identify(UNET_trening/test_imgs) by extensions ['colcon_meta']
[0.227s] Level 1:colcon.colcon_core.package_identification:_identify(UNET_trening/test_imgs) by extension 'colcon_meta'
[0.227s] Level 1:colcon.colcon_core.package_identification:_identify(UNET_trening/test_imgs) by extensions ['ros']
[0.227s] Level 1:colcon.colcon_core.package_identification:_identify(UNET_trening/test_imgs) by extension 'ros'
[0.227s] Level 1:colcon.colcon_core.package_identification:_identify(UNET_trening/test_imgs) by extensions ['cmake', 'python']
[0.227s] Level 1:colcon.colcon_core.package_identification:_identify(UNET_trening/test_imgs) by extension 'cmake'
[0.227s] Level 1:colcon.colcon_core.package_identification:_identify(UNET_trening/test_imgs) by extension 'python'
[0.227s] Level 1:colcon.colcon_core.package_identification:_identify(UNET_trening/test_imgs) by extensions ['python_setup_py']
[0.227s] Level 1:colcon.colcon_core.package_identification:_identify(UNET_trening/test_imgs) by extension 'python_setup_py'
[0.227s] Level 1:colcon.colcon_core.package_identification:_identify(autonomous_vehicles) by extensions ['ignore', 'ignore_ament_install']
[0.227s] Level 1:colcon.colcon_core.package_identification:_identify(autonomous_vehicles) by extension 'ignore'
[0.227s] Level 1:colcon.colcon_core.package_identification:_identify(autonomous_vehicles) by extension 'ignore_ament_install'
[0.227s] Level 1:colcon.colcon_core.package_identification:_identify(autonomous_vehicles) by extensions ['colcon_pkg']
[0.227s] Level 1:colcon.colcon_core.package_identification:_identify(autonomous_vehicles) by extension 'colcon_pkg'
[0.227s] Level 1:colcon.colcon_core.package_identification:_identify(autonomous_vehicles) by extensions ['colcon_meta']
[0.227s] Level 1:colcon.colcon_core.package_identification:_identify(autonomous_vehicles) by extension 'colcon_meta'
[0.227s] Level 1:colcon.colcon_core.package_identification:_identify(autonomous_vehicles) by extensions ['ros']
[0.227s] Level 1:colcon.colcon_core.package_identification:_identify(autonomous_vehicles) by extension 'ros'
[0.229s] DEBUG:colcon.colcon_core.package_identification:Package 'autonomous_vehicles' with type 'ros.ament_python' and name 'autonomous_vehicles'
[0.229s] Level 1:colcon.colcon_core.package_identification:_identify(build) by extensions ['ignore', 'ignore_ament_install']
[0.229s] Level 1:colcon.colcon_core.package_identification:_identify(build) by extension 'ignore'
[0.229s] Level 1:colcon.colcon_core.package_identification:_identify(build) ignored
[0.229s] Level 1:colcon.colcon_core.package_identification:_identify(gt_run_01) by extensions ['ignore', 'ignore_ament_install']
[0.229s] Level 1:colcon.colcon_core.package_identification:_identify(gt_run_01) by extension 'ignore'
[0.230s] Level 1:colcon.colcon_core.package_identification:_identify(gt_run_01) by extension 'ignore_ament_install'
[0.230s] Level 1:colcon.colcon_core.package_identification:_identify(gt_run_01) by extensions ['colcon_pkg']
[0.230s] Level 1:colcon.colcon_core.package_identification:_identify(gt_run_01) by extension 'colcon_pkg'
[0.230s] Level 1:colcon.colcon_core.package_identification:_identify(gt_run_01) by extensions ['colcon_meta']
[0.230s] Level 1:colcon.colcon_core.package_identification:_identify(gt_run_01) by extension 'colcon_meta'
[0.230s] Level 1:colcon.colcon_core.package_identification:_identify(gt_run_01) by extensions ['ros']
[0.230s] Level 1:colcon.colcon_core.package_identification:_identify(gt_run_01) by extension 'ros'
[0.230s] Level 1:colcon.colcon_core.package_identification:_identify(gt_run_01) by extensions ['cmake', 'python']
[0.230s] Level 1:colcon.colcon_core.package_identification:_identify(gt_run_01) by extension 'cmake'
[0.230s] Level 1:colcon.colcon_core.package_identification:_identify(gt_run_01) by extension 'python'
[0.230s] Level 1:colcon.colcon_core.package_identification:_identify(gt_run_01) by extensions ['python_setup_py']
[0.230s] Level 1:colcon.colcon_core.package_identification:_identify(gt_run_01) by extension 'python_setup_py'
[0.230s] Level 1:colcon.colcon_core.package_identification:_identify(install) by extensions ['ignore', 'ignore_ament_install']
[0.230s] Level 1:colcon.colcon_core.package_identification:_identify(install) by extension 'ignore'
[0.230s] Level 1:colcon.colcon_core.package_identification:_identify(install) ignored
[0.230s] Level 1:colcon.colcon_core.package_identification:_identify(log) by extensions ['ignore', 'ignore_ament_install']
[0.230s] Level 1:colcon.colcon_core.package_identification:_identify(log) by extension 'ignore'
[0.230s] Level 1:colcon.colcon_core.package_identification:_identify(log) ignored
[0.230s] Level 1:colcon.colcon_core.package_identification:_identify(method_tester) by extensions ['ignore', 'ignore_ament_install']
[0.230s] Level 1:colcon.colcon_core.package_identification:_identify(method_tester) by extension 'ignore'
[0.230s] Level 1:colcon.colcon_core.package_identification:_identify(method_tester) by extension 'ignore_ament_install'
[0.230s] Level 1:colcon.colcon_core.package_identification:_identify(method_tester) by extensions ['colcon_pkg']
[0.230s] Level 1:colcon.colcon_core.package_identification:_identify(method_tester) by extension 'colcon_pkg'
[0.230s] Level 1:colcon.colcon_core.package_identification:_identify(method_tester) by extensions ['colcon_meta']
[0.230s] Level 1:colcon.colcon_core.package_identification:_identify(method_tester) by extension 'colcon_meta'
[0.230s] Level 1:colcon.colcon_core.package_identification:_identify(method_tester) by extensions ['ros']
[0.230s] Level 1:colcon.colcon_core.package_identification:_identify(method_tester) by extension 'ros'
[0.230s] Level 1:colcon.colcon_core.package_identification:_identify(method_tester) by extensions ['cmake', 'python']
[0.230s] Level 1:colcon.colcon_core.package_identification:_identify(method_tester) by extension 'cmake'
[0.230s] Level 1:colcon.colcon_core.package_identification:_identify(method_tester) by extension 'python'
[0.230s] Level 1:colcon.colcon_core.package_identification:_identify(method_tester) by extensions ['python_setup_py']
[0.230s] Level 1:colcon.colcon_core.package_identification:_identify(method_tester) by extension 'python_setup_py'
[0.230s] Level 1:colcon.colcon_core.package_identification:_identify(model_trening) by extensions ['ignore', 'ignore_ament_install']
[0.230s] Level 1:colcon.colcon_core.package_identification:_identify(model_trening) by extension 'ignore'
[0.230s] Level 1:colcon.colcon_core.package_identification:_identify(model_trening) by extension 'ignore_ament_install'
[0.230s] Level 1:colcon.colcon_core.package_identification:_identify(model_trening) by extensions ['colcon_pkg']
[0.230s] Level 1:colcon.colcon_core.package_identification:_identify(model_trening) by extension 'colcon_pkg'
[0.230s] Level 1:colcon.colcon_core.package_identification:_identify(model_trening) by extensions ['colcon_meta']
[0.230s] Level 1:colcon.colcon_core.package_identification:_identify(model_trening) by extension 'colcon_meta'
[0.230s] Level 1:colcon.colcon_core.package_identification:_identify(model_trening) by extensions ['ros']
[0.230s] Level 1:colcon.colcon_core.package_identification:_identify(model_trening) by extension 'ros'
[0.231s] Level 1:colcon.colcon_core.package_identification:_identify(model_trening) by extensions ['cmake', 'python']
[0.231s] Level 1:colcon.colcon_core.package_identification:_identify(model_trening) by extension 'cmake'
[0.231s] Level 1:colcon.colcon_core.package_identification:_identify(model_trening) by extension 'python'
[0.231s] Level 1:colcon.colcon_core.package_identification:_identify(model_trening) by extensions ['python_setup_py']
[0.231s] Level 1:colcon.colcon_core.package_identification:_identify(model_trening) by extension 'python_setup_py'
[0.231s] Level 1:colcon.colcon_core.package_identification:_identify(models) by extensions ['ignore', 'ignore_ament_install']
[0.231s] Level 1:colcon.colcon_core.package_identification:_identify(models) by extension 'ignore'
[0.231s] Level 1:colcon.colcon_core.package_identification:_identify(models) by extension 'ignore_ament_install'
[0.231s] Level 1:colcon.colcon_core.package_identification:_identify(models) by extensions ['colcon_pkg']
[0.231s] Level 1:colcon.colcon_core.package_identification:_identify(models) by extension 'colcon_pkg'
[0.231s] Level 1:colcon.colcon_core.package_identification:_identify(models) by extensions ['colcon_meta']
[0.231s] Level 1:colcon.colcon_core.package_identification:_identify(models) by extension 'colcon_meta'
[0.231s] Level 1:colcon.colcon_core.package_identification:_identify(models) by extensions ['ros']
[0.231s] Level 1:colcon.colcon_core.package_identification:_identify(models) by extension 'ros'
[0.231s] Level 1:colcon.colcon_core.package_identification:_identify(models) by extensions ['cmake', 'python']
[0.231s] Level 1:colcon.colcon_core.package_identification:_identify(models) by extension 'cmake'
[0.231s] Level 1:colcon.colcon_core.package_identification:_identify(models) by extension 'python'
[0.231s] Level 1:colcon.colcon_core.package_identification:_identify(models) by extensions ['python_setup_py']
[0.231s] Level 1:colcon.colcon_core.package_identification:_identify(models) by extension 'python_setup_py'
[0.231s] Level 1:colcon.colcon_core.package_identification:_identify(models/meshes) by extensions ['ignore', 'ignore_ament_install']
[0.231s] Level 1:colcon.colcon_core.package_identification:_identify(models/meshes) by extension 'ignore'
[0.231s] Level 1:colcon.colcon_core.package_identification:_identify(models/meshes) by extension 'ignore_ament_install'
[0.231s] Level 1:colcon.colcon_core.package_identification:_identify(models/meshes) by extensions ['colcon_pkg']
[0.231s] Level 1:colcon.colcon_core.package_identification:_identify(models/meshes) by extension 'colcon_pkg'
[0.231s] Level 1:colcon.colcon_core.package_identification:_identify(models/meshes) by extensions ['colcon_meta']
[0.231s] Level 1:colcon.colcon_core.package_identification:_identify(models/meshes) by extension 'colcon_meta'
[0.231s] Level 1:colcon.colcon_core.package_identification:_identify(models/meshes) by extensions ['ros']
[0.231s] Level 1:colcon.colcon_core.package_identification:_identify(models/meshes) by extension 'ros'
[0.231s] Level 1:colcon.colcon_core.package_identification:_identify(models/meshes) by extensions ['cmake', 'python']
[0.231s] Level 1:colcon.colcon_core.package_identification:_identify(models/meshes) by extension 'cmake'
[0.231s] Level 1:colcon.colcon_core.package_identification:_identify(models/meshes) by extension 'python'
[0.231s] Level 1:colcon.colcon_core.package_identification:_identify(models/meshes) by extensions ['python_setup_py']
[0.231s] Level 1:colcon.colcon_core.package_identification:_identify(models/meshes) by extension 'python_setup_py'
[0.231s] Level 1:colcon.colcon_core.package_discovery:discover_packages(recursive) using defaults
[0.231s] Level 1:colcon.colcon_core.package_discovery:discover_packages(ignore) discover
[0.231s] Level 1:colcon.colcon_core.package_discovery:discover_packages(ignore) using defaults
[0.231s] Level 1:colcon.colcon_core.package_discovery:discover_packages(path) discover
[0.231s] Level 1:colcon.colcon_core.package_discovery:discover_packages(path) using defaults
[0.241s] Level 5:colcon.colcon_core.verb:set package 'autonomous_vehicles' build argument 'cmake_args' from command line to 'None'
[0.241s] Level 5:colcon.colcon_core.verb:set package 'autonomous_vehicles' build argument 'cmake_target' from command line to 'None'
[0.241s] Level 5:colcon.colcon_core.verb:set package 'autonomous_vehicles' build argument 'cmake_target_skip_unavailable' from command line to 'False'
[0.241s] Level 5:colcon.colcon_core.verb:set package 'autonomous_vehicles' build argument 'cmake_clean_cache' from command line to 'False'
[0.241s] Level 5:colcon.colcon_core.verb:set package 'autonomous_vehicles' build argument 'cmake_clean_first' from command line to 'False'
[0.241s] Level 5:colcon.colcon_core.verb:set package 'autonomous_vehicles' build argument 'cmake_force_configure' from command line to 'False'
[0.241s] Level 5:colcon.colcon_core.verb:set package 'autonomous_vehicles' build argument 'ament_cmake_args' from command line to 'None'
[0.241s] Level 5:colcon.colcon_core.verb:set package 'autonomous_vehicles' build argument 'catkin_cmake_args' from command line to 'None'
[0.241s] Level 5:colcon.colcon_core.verb:set package 'autonomous_vehicles' build argument 'catkin_skip_building_tests' from command line to 'False'
[0.241s] DEBUG:colcon.colcon_core.verb:Building package 'autonomous_vehicles' with the following arguments: {'ament_cmake_args': None, 'build_base': '/home/developer/ros2_ws/src/build/autonomous_vehicles', 'catkin_cmake_args': None, 'catkin_skip_building_tests': False, 'cmake_args': None, 'cmake_clean_cache': False, 'cmake_clean_first': False, 'cmake_force_configure': False, 'cmake_target': None, 'cmake_target_skip_unavailable': False, 'install_base': '/home/developer/ros2_ws/src/install/autonomous_vehicles', 'merge_install': False, 'path': '/home/developer/ros2_ws/src/autonomous_vehicles', 'symlink_install': True, 'test_result_base': None}
[0.241s] INFO:colcon.colcon_core.executor:Executing jobs using 'parallel' executor
[0.242s] DEBUG:colcon.colcon_parallel_executor.executor.parallel:run_until_complete
[0.242s] INFO:colcon.colcon_ros.task.ament_python.build:Building ROS package in '/home/developer/ros2_ws/src/autonomous_vehicles' with build type 'ament_python'
[0.243s] Level 1:colcon.colcon_core.shell:create_environment_hook('autonomous_vehicles', 'ament_prefix_path')
[0.244s] INFO:colcon.colcon_core.plugin_system:Skipping extension 'colcon_core.shell.bat': Not used on non-Windows systems
[0.245s] INFO:colcon.colcon_core.shell:Creating environment hook '/home/developer/ros2_ws/src/install/autonomous_vehicles/share/autonomous_vehicles/hook/ament_prefix_path.ps1'
[0.245s] INFO:colcon.colcon_core.shell:Creating environment descriptor '/home/developer/ros2_ws/src/install/autonomous_vehicles/share/autonomous_vehicles/hook/ament_prefix_path.dsv'
[0.246s] INFO:colcon.colcon_core.shell:Creating environment hook '/home/developer/ros2_ws/src/install/autonomous_vehicles/share/autonomous_vehicles/hook/ament_prefix_path.sh'
[0.246s] INFO:colcon.colcon_core.shell:Skip shell extension 'powershell' for command environment: Not usable outside of PowerShell
[0.246s] DEBUG:colcon.colcon_core.shell:Skip shell extension 'dsv' for command environment
[0.458s] WARNING:colcon.colcon_ros.task.ament_python.build:Package 'autonomous_vehicles' doesn't explicitly install the 'package.xml' file (colcon-ros currently does it implicitly but that fallback will be removed in the future)
[0.458s] INFO:colcon.colcon_core.task.python.build:Building Python package in '/home/developer/ros2_ws/src/autonomous_vehicles'
[0.459s] INFO:colcon.colcon_core.shell:Skip shell extension 'powershell' for command environment: Not usable outside of PowerShell
[0.459s] DEBUG:colcon.colcon_core.shell:Skip shell extension 'dsv' for command environment
[0.823s] DEBUG:colcon.colcon_core.event_handler.log_command:Invoking command in '/home/developer/ros2_ws/src/build/autonomous_vehicles': PYTHONPATH=/home/developer/ros2_ws/src/build/autonomous_vehicles/prefix_override:/usr/lib/python3/dist-packages/colcon_core/task/python/colcon_distutils_commands:/home/developer/ros2_ws/src/install/autonomous_vehicles/lib/python3.10/site-packages:${PYTHONPATH} /usr/bin/python3 -W ignore:setup.py install is deprecated -W ignore:easy_install command is deprecated setup.py develop --editable --build-directory /home/developer/ros2_ws/src/build/autonomous_vehicles/build --no-deps symlink_data
[1.217s] Level 1:colcon.colcon_core.shell:create_environment_hook('autonomous_vehicles', 'pythonpath_develop')
[1.218s] INFO:colcon.colcon_core.shell:Creating environment hook '/home/developer/ros2_ws/src/build/autonomous_vehicles/share/autonomous_vehicles/hook/pythonpath_develop.ps1'
[1.218s] DEBUG:colcon.colcon_core.event_handler.log_command:Invoked command in '/home/developer/ros2_ws/src/build/autonomous_vehicles' returned '0': PYTHONPATH=/home/developer/ros2_ws/src/build/autonomous_vehicles/prefix_override:/usr/lib/python3/dist-packages/colcon_core/task/python/colcon_distutils_commands:/home/developer/ros2_ws/src/install/autonomous_vehicles/lib/python3.10/site-packages:${PYTHONPATH} /usr/bin/python3 -W ignore:setup.py install is deprecated -W ignore:easy_install command is deprecated setup.py develop --editable --build-directory /home/developer/ros2_ws/src/build/autonomous_vehicles/build --no-deps symlink_data
[1.219s] INFO:colcon.colcon_core.shell:Creating environment descriptor '/home/developer/ros2_ws/src/build/autonomous_vehicles/share/autonomous_vehicles/hook/pythonpath_develop.dsv'
[1.219s] INFO:colcon.colcon_core.shell:Creating environment hook '/home/developer/ros2_ws/src/build/autonomous_vehicles/share/autonomous_vehicles/hook/pythonpath_develop.sh'
[1.222s] Level 1:colcon.colcon_core.environment:checking '/home/developer/ros2_ws/src/install/autonomous_vehicles' for CMake module files
[1.222s] Level 1:colcon.colcon_core.environment:checking '/home/developer/ros2_ws/src/install/autonomous_vehicles' for CMake config files
[1.223s] Level 1:colcon.colcon_core.environment:checking '/home/developer/ros2_ws/src/install/autonomous_vehicles/lib'
[1.223s] Level 1:colcon.colcon_core.environment:checking '/home/developer/ros2_ws/src/install/autonomous_vehicles/bin'
[1.223s] Level 1:colcon.colcon_core.environment:checking '/home/developer/ros2_ws/src/install/autonomous_vehicles/lib/pkgconfig/autonomous_vehicles.pc'
[1.223s] Level 1:colcon.colcon_core.environment:checking '/home/developer/ros2_ws/src/install/autonomous_vehicles/lib/python3.10/site-packages'
[1.223s] Level 1:colcon.colcon_core.shell:create_environment_hook('autonomous_vehicles', 'pythonpath')
[1.223s] INFO:colcon.colcon_core.shell:Creating environment hook '/home/developer/ros2_ws/src/install/autonomous_vehicles/share/autonomous_vehicles/hook/pythonpath.ps1'
[1.224s] INFO:colcon.colcon_core.shell:Creating environment descriptor '/home/developer/ros2_ws/src/install/autonomous_vehicles/share/autonomous_vehicles/hook/pythonpath.dsv'
[1.224s] INFO:colcon.colcon_core.shell:Creating environment hook '/home/developer/ros2_ws/src/install/autonomous_vehicles/share/autonomous_vehicles/hook/pythonpath.sh'
[1.225s] Level 1:colcon.colcon_core.environment:checking '/home/developer/ros2_ws/src/install/autonomous_vehicles/bin'
[1.225s] Level 1:colcon.colcon_core.environment:create_environment_scripts_only(autonomous_vehicles)
[1.225s] INFO:colcon.colcon_core.shell:Creating package script '/home/developer/ros2_ws/src/install/autonomous_vehicles/share/autonomous_vehicles/package.ps1'
[1.226s] INFO:colcon.colcon_core.shell:Creating package descriptor '/home/developer/ros2_ws/src/install/autonomous_vehicles/share/autonomous_vehicles/package.dsv'
[1.227s] INFO:colcon.colcon_core.shell:Creating package script '/home/developer/ros2_ws/src/install/autonomous_vehicles/share/autonomous_vehicles/package.sh'
[1.227s] INFO:colcon.colcon_core.shell:Creating package script '/home/developer/ros2_ws/src/install/autonomous_vehicles/share/autonomous_vehicles/package.bash'
[1.228s] INFO:colcon.colcon_core.shell:Creating package script '/home/developer/ros2_ws/src/install/autonomous_vehicles/share/autonomous_vehicles/package.zsh'
[1.228s] Level 1:colcon.colcon_core.environment:create_file_with_runtime_dependencies(/home/developer/ros2_ws/src/install/autonomous_vehicles/share/colcon-core/packages/autonomous_vehicles)
[1.228s] DEBUG:colcon.colcon_parallel_executor.executor.parallel:closing loop
[1.228s] DEBUG:colcon.colcon_parallel_executor.executor.parallel:loop closed
[1.228s] DEBUG:colcon.colcon_parallel_executor.executor.parallel:run_until_complete finished with '0'
[1.228s] DEBUG:colcon.colcon_core.event_reactor:joining thread
[1.232s] INFO:colcon.colcon_core.plugin_system:Skipping extension 'colcon_notification.desktop_notification.notify_send': Could not find 'notify-send'
[1.232s] INFO:colcon.colcon_core.plugin_system:Skipping extension 'colcon_notification.desktop_notification.terminal_notifier': Not used on non-Darwin systems
[1.232s] INFO:colcon.colcon_core.plugin_system:Skipping extension 'colcon_notification.desktop_notification.win32': Not used on non-Windows systems
[1.232s] INFO:colcon.colcon_notification.desktop_notification:Sending desktop notification using 'notify2'
[1.234s] DEBUG:colcon.colcon_notification.desktop_notification.notify2:Failed to initialize notify2: org.freedesktop.DBus.Error.Spawn.ExecFailed: /usr/bin/dbus-launch terminated abnormally without any error message
[1.234s] DEBUG:colcon.colcon_core.event_reactor:joined thread
[1.234s] INFO:colcon.colcon_core.shell:Creating prefix script '/home/developer/ros2_ws/src/install/local_setup.ps1'
[1.235s] INFO:colcon.colcon_core.shell:Creating prefix util module '/home/developer/ros2_ws/src/install/_local_setup_util_ps1.py'
[1.236s] INFO:colcon.colcon_core.shell:Creating prefix chain script '/home/developer/ros2_ws/src/install/setup.ps1'
[1.237s] INFO:colcon.colcon_core.shell:Creating prefix script '/home/developer/ros2_ws/src/install/local_setup.sh'
[1.238s] INFO:colcon.colcon_core.shell:Creating prefix util module '/home/developer/ros2_ws/src/install/_local_setup_util_sh.py'
[1.238s] INFO:colcon.colcon_core.shell:Creating prefix chain script '/home/developer/ros2_ws/src/install/setup.sh'
[1.239s] INFO:colcon.colcon_core.shell:Creating prefix script '/home/developer/ros2_ws/src/install/local_setup.bash'
[1.239s] INFO:colcon.colcon_core.shell:Creating prefix chain script '/home/developer/ros2_ws/src/install/setup.bash'
[1.240s] INFO:colcon.colcon_core.shell:Creating prefix script '/home/developer/ros2_ws/src/install/local_setup.zsh'
[1.240s] INFO:colcon.colcon_core.shell:Creating prefix chain script '/home/developer/ros2_ws/src/install/setup.zsh'
