[0.609s] Invoking command in '/home/developer/ros2_ws/src/build/autonomous_vehicles': PYTHONPATH=/home/developer/ros2_ws/src/build/autonomous_vehicles/prefix_override:/usr/lib/python3/dist-packages/colcon_core/task/python/colcon_distutils_commands:/home/developer/ros2_ws/src/install/autonomous_vehicles/lib/python3.10/site-packages:${PYTHONPATH} /usr/bin/python3 -W ignore:setup.py install is deprecated -W ignore:easy_install command is deprecated setup.py develop --editable --build-directory /home/developer/ros2_ws/src/build/autonomous_vehicles/build --no-deps symlink_data
[0.820s] running develop
[0.948s] running egg_info
[0.956s] writing autonomous_vehicles.egg-info/PKG-INFO
[0.956s] writing dependency_links to autonomous_vehicles.egg-info/dependency_links.txt
[0.956s] writing entry points to autonomous_vehicles.egg-info/entry_points.txt
[0.956s] writing requirements to autonomous_vehicles.egg-info/requires.txt
[0.957s] writing top-level names to autonomous_vehicles.egg-info/top_level.txt
[0.973s] reading manifest file 'autonomous_vehicles.egg-info/SOURCES.txt'
[0.974s] writing manifest file 'autonomous_vehicles.egg-info/SOURCES.txt'
[0.982s] running build_ext
[0.982s] Creating /home/developer/ros2_ws/src/install/autonomous_vehicles/lib/python3.10/site-packages/autonomous-vehicles.egg-link (link to .)
[0.982s] Installing control_node script to /home/developer/ros2_ws/src/install/autonomous_vehicles/lib/autonomous_vehicles
[0.982s] Installing gps_node script to /home/developer/ros2_ws/src/install/autonomous_vehicles/lib/autonomous_vehicles
[0.983s] Installing image_node script to /home/developer/ros2_ws/src/install/autonomous_vehicles/lib/autonomous_vehicles
[0.983s] Installing lidar_2d_node script to /home/developer/ros2_ws/src/install/autonomous_vehicles/lib/autonomous_vehicles
[0.983s] Installing lidar_node script to /home/developer/ros2_ws/src/install/autonomous_vehicles/lib/autonomous_vehicles
[0.983s] Installing offroad_checker script to /home/developer/ros2_ws/src/install/autonomous_vehicles/lib/autonomous_vehicles
[0.983s] 
[0.983s] Installed /home/developer/ros2_ws/src/build/autonomous_vehicles
[0.983s] running symlink_data
[0.983s] symbolically linking /home/developer/ros2_ws/src/build/autonomous_vehicles/launch/autotrain.launch.py -> /home/developer/ros2_ws/src/install/autonomous_vehicles/share/autonomous_vehicles/launch
[0.983s] error: can't copy '/home/developer/ros2_ws/src/build/autonomous_vehicles/launch/auto.train.launch.py': doesn't exist or not a regular file
[1.011s] Invoked command in '/home/developer/ros2_ws/src/build/autonomous_vehicles' returned '1': PYTHONPATH=/home/developer/ros2_ws/src/build/autonomous_vehicles/prefix_override:/usr/lib/python3/dist-packages/colcon_core/task/python/colcon_distutils_commands:/home/developer/ros2_ws/src/install/autonomous_vehicles/lib/python3.10/site-packages:${PYTHONPATH} /usr/bin/python3 -W ignore:setup.py install is deprecated -W ignore:easy_install command is deprecated setup.py develop --editable --build-directory /home/developer/ros2_ws/src/build/autonomous_vehicles/build --no-deps symlink_data
